<?xml version="1.0" encoding="UTF-8"?>
<!-- Generated by org.testng.reporters.JUnitReportReporter -->
<testsuite hostname="DESKTOP-K7O1CL0" failures="0" tests="1" name="tests.ProductTest" time="26.903" errors="0" timestamp="2025-06-09T16:22:32 IST" skipped="0">
  <testcase classname="tests.ProductTest" name="testEcommerceFlow" time="26.903"/>
</testsuite> <!-- tests.ProductTest -->
